<?xml version="1.0" encoding="utf-8" standalone="no"?>
<!--This file represents the results of running a test suite-->
<test-results name="C:\Users\Yelisey\Desktop\RSAPR\Новая папка\Shaft\ShaftTestProject\bin\Debug\ShaftTestProject.nunit" total="0" errors="0" failures="0" not-run="0" inconclusive="0" ignored="0" skipped="0" invalid="0" date="2014-12-09" time="15:32:21">
  <environment nunit-version="2.6.3.13283" clr-version="2.0.50727.8009" os-version="Microsoft Windows NT 6.2.9200.0" platform="Win32NT" cwd="C:\Users\Yelisey\Desktop\RSAPR\Новая папка\Shaft\ShaftTestProject\obj\Release" machine-name="YELISEY-PROF" user="Yelisey" user-domain="YELISEY-PROF" />
  <culture-info current-culture="ru-RU" current-uiculture="ru-RU" />
  <test-suite type="Project" name="C:\Users\Yelisey\Desktop\RSAPR\Новая папка\Shaft\ShaftTestProject\bin\Debug\ShaftTestProject.nunit" executed="True" result="Inconclusive" success="False" time="0.001" asserts="0">
    <results>
      <test-suite type="Assembly" name="C:\Users\Yelisey\Desktop\RSAPR\Новая папка\Shaft\ShaftTestProject\bin\Debug\ShaftTestProject.dll" executed="True" result="Inconclusive" success="False" time="0.000" asserts="0" />
    </results>
  </test-suite>
</test-results>