<?xml version="1.0" encoding="UTF-8"?>
<TestRun id="c8b857de-9ecf-41b0-87e2-555008221bc4" name="Yelisey@YELISEY-PROF 2014-12-03 14:20:00" runUser="YELISEY-PROF\Yelisey" xmlns="http://microsoft.com/schemas/VisualStudio/TeamTest/2010">
  <TestSettings name="Local" id="76c1d3dc-dbdc-4067-96fe-7f6ae132dcb8">
    <Description>These are default test settings for a local test run.</Description>
    <Deployment enabled="false" runDeploymentRoot="Yelisey_YELISEY-PROF 2014-12-03 14_20_00">
      <DeploymentItem filename="C:\Program Files (x86)\ASCON\KOMPAS-3D V14\SDK\C#\Automation\AxInterop.KGAXLib.dll" />
      <DeploymentItem filename="C:\Users\Yelisey\Desktop\RSAPR\Новая папка\Shaft\Shaft\bin\Release\Shaft.exe" />
      <DeploymentItem filename="C:\Program Files (x86)\ASCON\KOMPAS-3D V14\SDK\C#\Common\KAPITypes.dll" />
    </Deployment>
    <Execution>
      <TestTypeSpecific />
      <AgentRule name="Execution Agents">
      </AgentRule>
    </Execution>
  </TestSettings>
  <Times creation="2014-12-03T14:20:00.9374525+06:00" queuing="2014-12-03T14:20:00.9774911+06:00" start="2014-12-03T14:20:00.9844986+06:00" finish="2014-12-03T14:21:20.1330238+06:00" />
  <ResultSummary outcome="Inconclusive">
    <Counters total="1" executed="1" error="0" failed="0" timeout="0" aborted="0" inconclusive="1" passedButRunAborted="0" notRunnable="0" notExecuted="0" disconnected="0" warning="0" passed="0" completed="0" inProgress="0" pending="0" />
  </ResultSummary>
  <TestDefinitions>
    <UnitTest name="InitScene2Test" storage="c:\users\yelisey\desktop\rsapr\новая папка\shaft\shafttestproject\bin\release\shafttestproject.dll" id="391e4e5e-77d9-cfbc-c57f-d356237ab966">
      <Execution id="280f77ff-6910-449b-9e8b-cf4ab94e734e" />
      <TestMethod codeBase="C:/Users/Yelisey/Desktop/RSAPR/Новая папка/Shaft/ShaftTestProject/bin/Release/ShaftTestProject.DLL" adapterTypeName="Microsoft.VisualStudio.TestTools.TestTypes.Unit.UnitTestAdapter, Microsoft.VisualStudio.QualityTools.Tips.UnitTest.Adapter, Version=10.0.0.0, Culture=neutral, PublicKeyToken=b03f5f7f11d50a3a" className="ShaftTestProject.ManagerTest, ShaftTestProject, Version=1.0.0.0, Culture=neutral, PublicKeyToken=null" name="InitScene2Test" />
    </UnitTest>
  </TestDefinitions>
  <TestLists>
    <TestList name="Results Not in a List" id="8c84fa94-04c1-424b-9868-57a2d4851a1d" />
    <TestList name="All Loaded Results" id="19431567-8539-422a-85d7-44ee4e166bda" />
  </TestLists>
  <TestEntries>
    <TestEntry testId="391e4e5e-77d9-cfbc-c57f-d356237ab966" executionId="280f77ff-6910-449b-9e8b-cf4ab94e734e" testListId="8c84fa94-04c1-424b-9868-57a2d4851a1d" />
  </TestEntries>
  <Results>
    <UnitTestResult executionId="280f77ff-6910-449b-9e8b-cf4ab94e734e" testId="391e4e5e-77d9-cfbc-c57f-d356237ab966" testName="InitScene2Test" computerName="YELISEY-PROF" duration="00:01:18.8929902" startTime="2014-12-03T14:20:00.9875003+06:00" endTime="2014-12-03T14:21:20.1160083+06:00" testType="13cdc9d9-ddb5-4fa4-a97d-d965ccfc6d4b" outcome="Inconclusive" testListId="8c84fa94-04c1-424b-9868-57a2d4851a1d" relativeResultsDirectory="280f77ff-6910-449b-9e8b-cf4ab94e734e">
      <Output>
        <ErrorInfo>
          <Message>Assert.Inconclusive failed. A method that does not return a value cannot be verified.</Message>
          <StackTrace>   в ShaftTestProject.ManagerTest.InitScene2Test() в C:\Users\Yelisey\Desktop\RSAPR\Новая папка\Shaft\ShaftTestProject\ManagerTest.cs:строка 101
</StackTrace>
        </ErrorInfo>
      </Output>
    </UnitTestResult>
  </Results>
</TestRun>