<?xml version="1.0" encoding="UTF-8"?>
<TestRun id="64feb2c2-bbfe-460d-8b74-519cf1f303ed" name="Yelisey@YELISEY-PROF 2014-12-03 14:30:32" runUser="YELISEY-PROF\Yelisey" xmlns="http://microsoft.com/schemas/VisualStudio/TeamTest/2010">
  <TestSettings name="Local" id="76c1d3dc-dbdc-4067-96fe-7f6ae132dcb8">
    <Description>These are default test settings for a local test run.</Description>
    <Deployment enabled="false" runDeploymentRoot="Yelisey_YELISEY-PROF 2014-12-03 14_30_32">
      <DeploymentItem filename="C:\Program Files (x86)\ASCON\KOMPAS-3D V14\SDK\C#\Automation\AxInterop.KGAXLib.dll" />
      <DeploymentItem filename="C:\Users\Yelisey\Desktop\RSAPR\Новая папка\Shaft\Shaft\bin\Release\Shaft.exe" />
      <DeploymentItem filename="C:\Program Files (x86)\ASCON\KOMPAS-3D V14\SDK\C#\Common\KAPITypes.dll" />
    </Deployment>
    <Execution>
      <TestTypeSpecific />
      <AgentRule name="Execution Agents">
      </AgentRule>
    </Execution>
  </TestSettings>
  <Times creation="2014-12-03T14:30:32.3469625+06:00" queuing="2014-12-03T14:30:32.3860009+06:00" start="2014-12-03T14:30:32.3930076+06:00" finish="2014-12-03T14:30:32.7053056+06:00" />
  <ResultSummary outcome="Inconclusive">
    <Counters total="1" executed="1" error="0" failed="0" timeout="0" aborted="0" inconclusive="1" passedButRunAborted="0" notRunnable="0" notExecuted="0" disconnected="0" warning="0" passed="0" completed="0" inProgress="0" pending="0" />
    <RunInfos>
      <RunInfo computerName="YELISEY-PROF" outcome="Warning" timestamp="2014-12-03T14:30:32.3849992+06:00">
        <Text>Deployment is currently disabled. The deployment item 'Shaft.exe' on test 'ShaftTestProject.MainShaftTest.MainShaftConstructorTest' was not deployed.</Text>
      </RunInfo>
    </RunInfos>
  </ResultSummary>
  <TestDefinitions>
    <UnitTest name="MainShaftConstructorTest" storage="c:\users\yelisey\desktop\rsapr\новая папка\shaft\shafttestproject\bin\release\shafttestproject.dll" id="beaa813a-0da9-f2fb-9ff8-77ceae3742f2">
      <DeploymentItems>
        <DeploymentItem filename="Shaft.exe" />
      </DeploymentItems>
      <Execution id="928884e1-1625-4fef-9bab-e64128a49378" />
      <TestMethod codeBase="C:/Users/Yelisey/Desktop/RSAPR/Новая папка/Shaft/ShaftTestProject/bin/Release/ShaftTestProject.DLL" adapterTypeName="Microsoft.VisualStudio.TestTools.TestTypes.Unit.UnitTestAdapter, Microsoft.VisualStudio.QualityTools.Tips.UnitTest.Adapter, Version=10.0.0.0, Culture=neutral, PublicKeyToken=b03f5f7f11d50a3a" className="ShaftTestProject.MainShaftTest, ShaftTestProject, Version=1.0.0.0, Culture=neutral, PublicKeyToken=null" name="MainShaftConstructorTest" />
    </UnitTest>
  </TestDefinitions>
  <TestLists>
    <TestList name="Results Not in a List" id="8c84fa94-04c1-424b-9868-57a2d4851a1d" />
    <TestList name="All Loaded Results" id="19431567-8539-422a-85d7-44ee4e166bda" />
  </TestLists>
  <TestEntries>
    <TestEntry testId="beaa813a-0da9-f2fb-9ff8-77ceae3742f2" executionId="928884e1-1625-4fef-9bab-e64128a49378" testListId="8c84fa94-04c1-424b-9868-57a2d4851a1d" />
  </TestEntries>
  <Results>
    <UnitTestResult executionId="928884e1-1625-4fef-9bab-e64128a49378" testId="beaa813a-0da9-f2fb-9ff8-77ceae3742f2" testName="MainShaftConstructorTest" computerName="YELISEY-PROF" duration="00:00:00.0382872" startTime="2014-12-03T14:30:32.3960105+06:00" endTime="2014-12-03T14:30:32.6892896+06:00" testType="13cdc9d9-ddb5-4fa4-a97d-d965ccfc6d4b" outcome="Inconclusive" testListId="8c84fa94-04c1-424b-9868-57a2d4851a1d" relativeResultsDirectory="928884e1-1625-4fef-9bab-e64128a49378">
      <Output>
        <ErrorInfo>
          <Message>Assert.Inconclusive failed. TODO: Implement code to verify target</Message>
          <StackTrace>   в ShaftTestProject.MainShaftTest.MainShaftConstructorTest() в C:\Users\Yelisey\Desktop\RSAPR\Новая папка\Shaft\ShaftTestProject\MainShaftTest.cs:строка 76
</StackTrace>
        </ErrorInfo>
      </Output>
    </UnitTestResult>
  </Results>
</TestRun>