<?xml version="1.0" encoding="UTF-8"?>
<TestRun id="b4fa46c7-586c-4a7a-8e37-8849fafc25d0" name="Yelisey@YELISEY-PROF 2014-12-04 12:40:23" runUser="YELISEY-PROF\Yelisey" xmlns="http://microsoft.com/schemas/VisualStudio/TeamTest/2010">
  <TestSettings name="Local" id="76c1d3dc-dbdc-4067-96fe-7f6ae132dcb8">
    <Description>These are default test settings for a local test run.</Description>
    <Deployment enabled="false" runDeploymentRoot="Yelisey_YELISEY-PROF 2014-12-04 12_40_23">
      <DeploymentItem filename="C:\Program Files (x86)\ASCON\KOMPAS-3D V14\SDK\C#\Automation\AxInterop.KGAXLib.dll" />
      <DeploymentItem filename="C:\Users\Yelisey\Desktop\RSAPR\Новая папка\Shaft\Shaft\bin\Release\Shaft.exe" />
      <DeploymentItem filename="C:\Program Files (x86)\ASCON\KOMPAS-3D V14\SDK\C#\Common\KAPITypes.dll" />
    </Deployment>
    <Execution>
      <TestTypeSpecific />
      <AgentRule name="Execution Agents">
      </AgentRule>
    </Execution>
  </TestSettings>
  <Times creation="2014-12-04T12:40:23.2484465+06:00" queuing="2014-12-04T12:40:23.2834798+06:00" start="2014-12-04T12:40:23.2904875+06:00" finish="2014-12-04T12:40:23.5527330+06:00" />
  <ResultSummary outcome="Failed">
    <Counters total="4" executed="4" passed="3" error="0" failed="1" timeout="0" aborted="0" inconclusive="0" passedButRunAborted="0" notRunnable="0" notExecuted="0" disconnected="0" warning="0" completed="0" inProgress="0" pending="0" />
  </ResultSummary>
  <TestDefinitions>
    <UnitTest name="SpecificationManagerConstructorTest" storage="c:\users\yelisey\desktop\rsapr\новая папка\shaft\shafttestproject\bin\release\shafttestproject.dll" id="6efa7041-0a70-a87d-0252-501a367db3fc">
      <Execution id="86ab41e7-95eb-4f2c-b178-47175b8f4117" />
      <TestMethod codeBase="C:/Users/Yelisey/Desktop/RSAPR/Новая папка/Shaft/ShaftTestProject/bin/Release/ShaftTestProject.DLL" adapterTypeName="Microsoft.VisualStudio.TestTools.TestTypes.Unit.UnitTestAdapter, Microsoft.VisualStudio.QualityTools.Tips.UnitTest.Adapter, Version=10.0.0.0, Culture=neutral, PublicKeyToken=b03f5f7f11d50a3a" className="ShaftTestProject.SpecificationManagerTest, ShaftTestProject, Version=1.0.0.0, Culture=neutral, PublicKeyToken=null" name="SpecificationManagerConstructorTest" />
    </UnitTest>
    <UnitTest name="SpecificationData_InformationForSpecificationConstructorTest" storage="c:\users\yelisey\desktop\rsapr\новая папка\shaft\shafttestproject\bin\release\shafttestproject.dll" id="97efb2d1-8907-be84-d929-4b8e1fa3252d">
      <Execution id="3b0fbc49-239e-4fdf-97f9-34c8d2a57d9a" />
      <TestMethod codeBase="C:/Users/Yelisey/Desktop/RSAPR/Новая папка/Shaft/ShaftTestProject/bin/Release/ShaftTestProject.DLL" adapterTypeName="Microsoft.VisualStudio.TestTools.TestTypes.Unit.UnitTestAdapter, Microsoft.VisualStudio.QualityTools.Tips.UnitTest.Adapter, Version=10.0.0.0, Culture=neutral, PublicKeyToken=b03f5f7f11d50a3a" className="ShaftTestProject.SpecificationData_InformationForSpecificationTest, ShaftTestProject, Version=1.0.0.0, Culture=neutral, PublicKeyToken=null" name="SpecificationData_InformationForSpecificationConstructorTest" />
    </UnitTest>
    <UnitTest name="SpecificationGeneralConstructorTest" storage="c:\users\yelisey\desktop\rsapr\новая папка\shaft\shafttestproject\bin\release\shafttestproject.dll" id="fb5869dc-1fb4-3106-ead5-f9d228aecce1">
      <Execution id="3285553d-b105-48d7-beff-b53cc0332da4" />
      <TestMethod codeBase="C:/Users/Yelisey/Desktop/RSAPR/Новая папка/Shaft/ShaftTestProject/bin/Release/ShaftTestProject.DLL" adapterTypeName="Microsoft.VisualStudio.TestTools.TestTypes.Unit.UnitTestAdapter, Microsoft.VisualStudio.QualityTools.Tips.UnitTest.Adapter, Version=10.0.0.0, Culture=neutral, PublicKeyToken=b03f5f7f11d50a3a" className="ShaftTestProject.SpecificationGeneralTest, ShaftTestProject, Version=1.0.0.0, Culture=neutral, PublicKeyToken=null" name="SpecificationGeneralConstructorTest" />
    </UnitTest>
    <UnitTest name="GetCoordForSlotsTestBySixSlots" storage="c:\users\yelisey\desktop\rsapr\новая папка\shaft\shafttestproject\bin\release\shafttestproject.dll" id="f7adb752-fb77-acd0-2377-b23e85c6a916">
      <Execution id="35a4d4c3-b99c-49a8-a329-0545b6d1b7a0" />
      <TestMethod codeBase="C:/Users/Yelisey/Desktop/RSAPR/Новая папка/Shaft/ShaftTestProject/bin/Release/ShaftTestProject.DLL" adapterTypeName="Microsoft.VisualStudio.TestTools.TestTypes.Unit.UnitTestAdapter, Microsoft.VisualStudio.QualityTools.Tips.UnitTest.Adapter, Version=10.0.0.0, Culture=neutral, PublicKeyToken=b03f5f7f11d50a3a" className="ShaftTestProject.MathLogicTest, ShaftTestProject, Version=1.0.0.0, Culture=neutral, PublicKeyToken=null" name="GetCoordForSlotsTestBySixSlots" />
    </UnitTest>
  </TestDefinitions>
  <TestLists>
    <TestList name="Results Not in a List" id="8c84fa94-04c1-424b-9868-57a2d4851a1d" />
    <TestList name="All Loaded Results" id="19431567-8539-422a-85d7-44ee4e166bda" />
  </TestLists>
  <TestEntries>
    <TestEntry testId="6efa7041-0a70-a87d-0252-501a367db3fc" executionId="86ab41e7-95eb-4f2c-b178-47175b8f4117" testListId="8c84fa94-04c1-424b-9868-57a2d4851a1d" />
    <TestEntry testId="97efb2d1-8907-be84-d929-4b8e1fa3252d" executionId="3b0fbc49-239e-4fdf-97f9-34c8d2a57d9a" testListId="8c84fa94-04c1-424b-9868-57a2d4851a1d" />
    <TestEntry testId="f7adb752-fb77-acd0-2377-b23e85c6a916" executionId="35a4d4c3-b99c-49a8-a329-0545b6d1b7a0" testListId="8c84fa94-04c1-424b-9868-57a2d4851a1d" />
    <TestEntry testId="fb5869dc-1fb4-3106-ead5-f9d228aecce1" executionId="3285553d-b105-48d7-beff-b53cc0332da4" testListId="8c84fa94-04c1-424b-9868-57a2d4851a1d" />
  </TestEntries>
  <Results>
    <UnitTestResult executionId="86ab41e7-95eb-4f2c-b178-47175b8f4117" testId="6efa7041-0a70-a87d-0252-501a367db3fc" testName="SpecificationManagerConstructorTest" computerName="YELISEY-PROF" duration="00:00:00.0149280" startTime="2014-12-04T12:40:23.2944917+06:00" endTime="2014-12-04T12:40:23.4896761+06:00" testType="13cdc9d9-ddb5-4fa4-a97d-d965ccfc6d4b" outcome="Passed" testListId="8c84fa94-04c1-424b-9868-57a2d4851a1d" relativeResultsDirectory="86ab41e7-95eb-4f2c-b178-47175b8f4117">
    </UnitTestResult>
    <UnitTestResult executionId="3b0fbc49-239e-4fdf-97f9-34c8d2a57d9a" testId="97efb2d1-8907-be84-d929-4b8e1fa3252d" testName="SpecificationData_InformationForSpecificationConstructorTest" computerName="YELISEY-PROF" duration="00:00:00.0004565" startTime="2014-12-04T12:40:23.4916764+06:00" endTime="2014-12-04T12:40:23.4976840+06:00" testType="13cdc9d9-ddb5-4fa4-a97d-d965ccfc6d4b" outcome="Passed" testListId="8c84fa94-04c1-424b-9868-57a2d4851a1d" relativeResultsDirectory="3b0fbc49-239e-4fdf-97f9-34c8d2a57d9a">
    </UnitTestResult>
    <UnitTestResult executionId="35a4d4c3-b99c-49a8-a329-0545b6d1b7a0" testId="f7adb752-fb77-acd0-2377-b23e85c6a916" testName="GetCoordForSlotsTestBySixSlots" computerName="YELISEY-PROF" duration="00:00:00.0024021" startTime="2014-12-04T12:40:23.4996839+06:00" endTime="2014-12-04T12:40:23.5056911+06:00" testType="13cdc9d9-ddb5-4fa4-a97d-d965ccfc6d4b" outcome="Passed" testListId="8c84fa94-04c1-424b-9868-57a2d4851a1d" relativeResultsDirectory="35a4d4c3-b99c-49a8-a329-0545b6d1b7a0">
    </UnitTestResult>
    <UnitTestResult executionId="3285553d-b105-48d7-beff-b53cc0332da4" testId="fb5869dc-1fb4-3106-ead5-f9d228aecce1" testName="SpecificationGeneralConstructorTest" computerName="YELISEY-PROF" duration="00:00:00.0185239" startTime="2014-12-04T12:40:23.5076918+06:00" endTime="2014-12-04T12:40:23.5317128+06:00" testType="13cdc9d9-ddb5-4fa4-a97d-d965ccfc6d4b" outcome="Failed" testListId="8c84fa94-04c1-424b-9868-57a2d4851a1d" relativeResultsDirectory="3285553d-b105-48d7-beff-b53cc0332da4">
      <Output>
        <ErrorInfo>
          <Message>Assert.AreEqual failed. Expected:&lt;Вал&gt;. Actual:&lt;Ведомый вал&gt;. </Message>
          <StackTrace>   в ShaftTestProject.SpecificationGeneralTest.SpecificationGeneralConstructorTest() в C:\Users\Yelisey\Desktop\RSAPR\Новая папка\Shaft\ShaftTestProject\SpecificationGeneralTest.cs:строка 30
</StackTrace>
        </ErrorInfo>
      </Output>
    </UnitTestResult>
  </Results>
</TestRun>